<?xml version="1.0" encoding="UTF-8"?>
<!-- Generated by org.testng.reporters.JUnitReportReporter -->
<testsuite skipped="0" hostname="LAPTOP-P9AHAKG1" name="com.mock.PracticemockTest" tests="3" failures="0" timestamp="06 Aug 2019 05:17:13 GMT" time="0.004" errors="0">
  <testcase name="WebLoginCarLoan" time="0.001" classname="com.mock.PracticemockTest"/>
  <testcase name="APILoginCarLoan" time="0.001" classname="com.mock.PracticemockTest"/>
  <testcase name="MobileLoginCarLoan" time="0.002" classname="com.mock.PracticemockTest"/>
</testsuite> <!-- com.mock.PracticemockTest -->
