<?xml version="1.0" encoding="UTF-8"?>
<!-- Generated by org.testng.reporters.JUnitReportReporter -->
<testsuite skipped="0" hostname="LAPTOP-P9AHAKG1" name="loan.PersonalLoan" tests="4" failures="0" timestamp="06 Aug 2019 19:29:37 GMT" time="0.012" errors="0">
  <testcase name="savingaccTest" time="0.001" classname="loan.PersonalLoan"/>
  <testcase name="accLogin" time="0.007" classname="loan.PersonalLoan"/>
  <testcase name="currentaccTest" time="0.002" classname="loan.PersonalLoan"/>
  <testcase name="fixedaccTest" time="0.002" classname="loan.PersonalLoan"/>
</testsuite> <!-- loan.PersonalLoan -->
