<?xml version="1.0" encoding="UTF-8"?>
<!-- Generated by org.testng.reporters.JUnitReportReporter -->
<testsuite skipped="0" hostname="LAPTOP-P9AHAKG1" name="loan.CreditDetails" tests="1" failures="0" timestamp="06 Aug 2019 05:46:51 GMT" time="0.009" errors="0">
  <testcase name="amountCredit" time="0.009" classname="loan.CreditDetails"/>
</testsuite> <!-- loan.CreditDetails -->
