<?xml version="1.0" encoding="UTF-8"?>
<!-- Generated by org.testng.reporters.JUnitReportReporter -->
<testsuite skipped="0" hostname="LAPTOP-P9AHAKG1" name="basictestng.PrioritiesTest" tests="2" failures="0" timestamp="04 Aug 2019 06:30:42 GMT" time="36.194" errors="0">
  <testcase name="openTitlepage" time="21.307" classname="basictestng.PrioritiesTest"/>
  <testcase name="searchTest" time="14.887" classname="basictestng.PrioritiesTest"/>
</testsuite> <!-- basictestng.PrioritiesTest -->
