<?xml version="1.0" encoding="UTF-8"?>
<!-- Generated by org.testng.reporters.JUnitReportReporter -->
<testsuite skipped="0" hostname="LAPTOP-P9AHAKG1" name="basictestng.FirstTestng" tests="3" failures="0" timestamp="07 Aug 2019 00:08:01 GMT" time="0.008" errors="0">
  <testcase name="dtest2" time="0.003" classname="basictestng.FirstTestng"/>
  <testcase name="rtest3" time="0.004" classname="basictestng.FirstTestng"/>
  <testcase name="utest1" time="0.001" classname="basictestng.FirstTestng"/>
</testsuite> <!-- basictestng.FirstTestng -->
