<?xml version="1.0" encoding="UTF-8"?>
<!-- Generated by org.testng.reporters.JUnitReportReporter -->
<testsuite skipped="1" hostname="LAPTOP-P9AHAKG1" name="com.mock.MockpracTest" tests="3" failures="0" timestamp="22 Sep 2019 21:22:35 GMT" time="0.013" errors="0">
  <testcase name="testcase3" time="0.001" classname="com.mock.MockpracTest"/>
  <testcase name="testcase2" time="0.012" classname="com.mock.MockpracTest"/>
  <testcase name="testcase1" classname="com.mock.MockpracTest">
    <skipped/>
  </testcase> <!-- testcase1 -->
</testsuite> <!-- com.mock.MockpracTest -->
