<?xml version="1.0" encoding="UTF-8"?>
<!-- Generated by org.testng.reporters.JUnitReportReporter -->
<testsuite skipped="0" hostname="LAPTOP-P9AHAKG1" name="basictestng.SeleniAmazonTest" tests="2" failures="0" timestamp="07 Aug 2019 00:08:01 GMT" time="36.318" errors="0">
  <testcase name="openTitlepage" time="15.525" classname="basictestng.SeleniAmazonTest"/>
  <testcase name="searchTest" time="20.793" classname="basictestng.SeleniAmazonTest"/>
</testsuite> <!-- basictestng.SeleniAmazonTest -->
