<?xml version="1.0" encoding="UTF-8"?>
<!-- Generated by org.testng.reporters.JUnitReportReporter -->
<testsuite skipped="0" hostname="LAPTOP-P9AHAKG1" name="loan.DebitAccount" tests="1" failures="0" timestamp="06 Aug 2019 05:46:52 GMT" time="0.001" errors="0">
  <testcase name="debtDetails" time="0.001" classname="loan.DebitAccount"/>
</testsuite> <!-- loan.DebitAccount -->
