<?xml version="1.0" encoding="UTF-8"?>
<!-- Generated by org.testng.reporters.JUnitReportReporter -->
<testsuite skipped="0" hostname="LAPTOP-P9AHAKG1" name="com.whitebox.pageTestcases.LoginPageTest" tests="3" failures="0" timestamp="04 Sep 2019 22:02:29 GMT" time="20.919" errors="0">
  <testcase name="LoginpageTitleTest" time="7.467" classname="com.whitebox.pageTestcases.LoginPageTest"/>
  <testcase name="logoTest" time="6.506" classname="com.whitebox.pageTestcases.LoginPageTest"/>
  <testcase name="logindetTest" time="6.946" classname="com.whitebox.pageTestcases.LoginPageTest"/>
</testsuite> <!-- com.whitebox.pageTestcases.LoginPageTest -->
