<?xml version="1.0" encoding="UTF-8"?>
<!-- Generated by org.testng.reporters.JUnitReportReporter -->
<testsuite skipped="0" hostname="LAPTOP-P9AHAKG1" name="xmlRestassured.XmlErrorTest" tests="1" failures="0" timestamp="17 Sep 2019 17:16:52 GMT" time="0.580" errors="0">
  <testcase name="post_Test" time="0.580" classname="xmlRestassured.XmlErrorTest"/>
</testsuite> <!-- xmlRestassured.XmlErrorTest -->
