<?xml version="1.0" encoding="UTF-8"?>
<!-- Generated by org.testng.reporters.JUnitReportReporter -->
<testsuite skipped="0" hostname="LAPTOP-P9AHAKG1" name="com.restapiTest.RestapiTest" tests="1" failures="0" timestamp="16 Sep 2019 23:14:13 GMT" time="2.419" errors="0">
  <testcase name="getRequest" time="2.419" classname="com.restapiTest.RestapiTest"/>
</testsuite> <!-- com.restapiTest.RestapiTest -->
