<?xml version="1.0" encoding="UTF-8"?>
<!-- Generated by org.testng.reporters.JUnitReportReporter -->
<testsuite skipped="0" hostname="LAPTOP-P9AHAKG1" name="com.restapiTest.GetAPITest" tests="2" failures="0" timestamp="14 Sep 2019 20:32:05 GMT" time="1.551" errors="0">
  <testcase name="getApiDataNotFoundTest" time="0.890" classname="com.restapiTest.GetAPITest"/>
  <testcase name="getHeaderResponse" time="0.661" classname="com.restapiTest.GetAPITest"/>
</testsuite> <!-- com.restapiTest.GetAPITest -->
